<?xml version="1.0" encoding="UTF-8"?>
<testsuite xmlns:xsi="http://www.w3.org/2001/XMLSchema-instance" xsi:noNamespaceSchemaLocation="https://maven.apache.org/surefire/maven-surefire-plugin/xsd/surefire-test-report.xsd" name="com.db.trade.TradeStoreUnitTests" time="0.458" tests="13" errors="0" skipped="0" failures="0">
  <properties>
    <property name="sun.desktop" value="windows"/>
    <property name="awt.toolkit" value="sun.awt.windows.WToolkit"/>
    <property name="file.encoding.pkg" value="sun.io"/>
    <property name="java.specification.version" value="1.8"/>
    <property name="sun.cpu.isalist" value="amd64"/>
    <property name="sun.jnu.encoding" value="Cp1252"/>
    <property name="java.class.path" value="C:\Development_Avecto\DevCode\DB_New\DB_Repo\target\test-classes;C:\Development_Avecto\DevCode\DB_New\DB_Repo\target\classes;C:\Users\674785\.m2\repository\junit\junit\4.12\junit-4.12.jar;C:\Users\674785\.m2\repository\org\hamcrest\hamcrest-core\1.3\hamcrest-core-1.3.jar;"/>
    <property name="java.vm.vendor" value="Oracle Corporation"/>
    <property name="sun.arch.data.model" value="64"/>
    <property name="user.variant" value=""/>
    <property name="java.vendor.url" value="http://java.oracle.com/"/>
    <property name="user.timezone" value="Europe/Berlin"/>
    <property name="java.vm.specification.version" value="1.8"/>
    <property name="os.name" value="Windows 10"/>
    <property name="user.country" value="US"/>
    <property name="sun.java.launcher" value="SUN_STANDARD"/>
    <property name="sun.boot.library.path" value="C:\Program Files\Java\jdk1.8.0_73\jre\bin"/>
    <property name="sun.java.command" value="C:\Users\674785\AppData\Local\Temp\surefire721628937089265807\surefirebooter7530794032148877402.jar C:\Users\674785\AppData\Local\Temp\surefire721628937089265807 2021-04-23T17-01-04_906-jvmRun1 surefire4603816439553106956tmp surefire_01455425907544099467tmp"/>
    <property name="surefire.test.class.path" value="C:\Development_Avecto\DevCode\DB_New\DB_Repo\target\test-classes;C:\Development_Avecto\DevCode\DB_New\DB_Repo\target\classes;C:\Users\674785\.m2\repository\junit\junit\4.12\junit-4.12.jar;C:\Users\674785\.m2\repository\org\hamcrest\hamcrest-core\1.3\hamcrest-core-1.3.jar;"/>
    <property name="sun.cpu.endian" value="little"/>
    <property name="user.home" value="C:\Users\674785"/>
    <property name="user.language" value="en"/>
    <property name="java.specification.vendor" value="Oracle Corporation"/>
    <property name="java.home" value="C:\Program Files\Java\jdk1.8.0_73\jre"/>
    <property name="basedir" value="C:\Development_Avecto\DevCode\DB_New\DB_Repo"/>
    <property name="file.separator" value="\"/>
    <property name="line.separator" value="&#10;"/>
    <property name="java.vm.specification.vendor" value="Oracle Corporation"/>
    <property name="java.specification.name" value="Java Platform API Specification"/>
    <property name="java.awt.graphicsenv" value="sun.awt.Win32GraphicsEnvironment"/>
    <property name="surefire.real.class.path" value="C:\Users\674785\AppData\Local\Temp\surefire721628937089265807\surefirebooter7530794032148877402.jar"/>
    <property name="sun.boot.class.path" value="C:\Program Files\Java\jdk1.8.0_73\jre\lib\resources.jar;C:\Program Files\Java\jdk1.8.0_73\jre\lib\rt.jar;C:\Program Files\Java\jdk1.8.0_73\jre\lib\sunrsasign.jar;C:\Program Files\Java\jdk1.8.0_73\jre\lib\jsse.jar;C:\Program Files\Java\jdk1.8.0_73\jre\lib\jce.jar;C:\Program Files\Java\jdk1.8.0_73\jre\lib\charsets.jar;C:\Program Files\Java\jdk1.8.0_73\jre\lib\jfr.jar;C:\Program Files\Java\jdk1.8.0_73\jre\classes"/>
    <property name="user.script" value=""/>
    <property name="sun.management.compiler" value="HotSpot 64-Bit Tiered Compilers"/>
    <property name="java.runtime.version" value="1.8.0_73-b02"/>
    <property name="user.name" value="674785"/>
    <property name="path.separator" value=";"/>
    <property name="os.version" value="10.0"/>
    <property name="java.endorsed.dirs" value="C:\Program Files\Java\jdk1.8.0_73\jre\lib\endorsed"/>
    <property name="java.runtime.name" value="Java(TM) SE Runtime Environment"/>
    <property name="file.encoding" value="Cp1252"/>
    <property name="java.vm.name" value="Java HotSpot(TM) 64-Bit Server VM"/>
    <property name="localRepository" value="C:\Users\674785\.m2\repository"/>
    <property name="java.vendor.url.bug" value="http://bugreport.sun.com/bugreport/"/>
    <property name="java.io.tmpdir" value="C:\Users\674785\AppData\Local\Temp\"/>
    <property name="java.version" value="1.8.0_73"/>
    <property name="user.dir" value="C:\Development_Avecto\DevCode\DB_New\DB_Repo"/>
    <property name="os.arch" value="amd64"/>
    <property name="java.vm.specification.name" value="Java Virtual Machine Specification"/>
    <property name="java.awt.printerjob" value="sun.awt.windows.WPrinterJob"/>
    <property name="sun.os.patch.level" value=""/>
    <property name="java.library.path" value="C:\Program Files\Java\jdk1.8.0_73\jre\bin;C:\WINDOWS\Sun\Java\bin;C:\WINDOWS\system32;C:\WINDOWS;C:\WINDOWS\system32;C:\WINDOWS;C:\WINDOWS\System32\Wbem;C:\WINDOWS\System32\WindowsPowerShell\v1.0\;C:\WINDOWS\System32\OpenSSH\;C:\Program Files (x86)\Webex\Webex\Applications;C:\Program Files\nodejs\;C:\Program Files (x86)\Git\cmd;C:\Users\674785\AppData\Local\Microsoft\WindowsApps;C:\Users\674785\AppData\Roaming\npm;C:\Users\674785\AppData\Local\Programs\Microsoft VS Code\bin;C:\Development_Avecto\apache-maven-3.6.2\bin;."/>
    <property name="java.vm.info" value="mixed mode"/>
    <property name="java.vendor" value="Oracle Corporation"/>
    <property name="java.vm.version" value="25.73-b02"/>
    <property name="java.ext.dirs" value="C:\Program Files\Java\jdk1.8.0_73\jre\lib\ext;C:\WINDOWS\Sun\Java\lib\ext"/>
    <property name="sun.io.unicode.encoding" value="UnicodeLittle"/>
    <property name="java.class.version" value="52.0"/>
  </properties>
  <testcase name="higherVersionReceivedTest" classname="com.db.trade.TradeStoreUnitTests" time="0.03"/>
  <testcase name="lowerVersionExceptionTest" classname="com.db.trade.TradeStoreUnitTests" time="0.02"/>
  <testcase name="getExpiredTest" classname="com.db.trade.TradeStoreUnitTests" time="0.021"/>
  <testcase name="isTradeValidTest" classname="com.db.trade.TradeStoreUnitTests" time="0.019"/>
  <testcase name="sameVersionReceivedTest" classname="com.db.trade.TradeStoreUnitTests" time="0.031"/>
  <testcase name="addTradeTest" classname="com.db.trade.TradeStoreUnitTests" time="0.031"/>
  <testcase name="maturityDateTest" classname="com.db.trade.TradeStoreUnitTests" time="0.02"/>
  <testcase name="getCountTest" classname="com.db.trade.TradeStoreUnitTests" time="0.021"/>
  <testcase name="getCounterPartyIDTest" classname="com.db.trade.TradeStoreUnitTests" time="0.024"/>
  <testcase name="isMaturityDateCrossedTest" classname="com.db.trade.TradeStoreUnitTests" time="0.021"/>
  <testcase name="getBookIDTest" classname="com.db.trade.TradeStoreUnitTests" time="0.025"/>
  <testcase name="setExpiredTest" classname="com.db.trade.TradeStoreUnitTests" time="0.025"/>
  <testcase name="getCreatedDateTest" classname="com.db.trade.TradeStoreUnitTests" time="0.023"/>
</testsuite>